{
  "stats": {
    "suites": 0,
    "tests": 1,
    "passes": 0,
    "pending": 0,
    "failures": 1,
    "start": "2022-11-12T15:08:06.394Z",
    "end": "2022-11-12T15:08:06.975Z",
    "duration": 581,
    "testsRegistered": 1,
    "passPercent": 0,
    "pendingPercent": 0,
    "other": 0,
    "hasOther": false,
    "skipped": 0,
    "hasSkipped": false
  },
  "results": [
    {
      "uuid": "cd026f78-3b77-451b-9017-d71633c929ca",
      "title": "",
      "fullFile": "cypress\\e2e\\1-getting-started\\customers.cy.js",
      "file": "cypress\\e2e\\1-getting-started\\customers.cy.js",
      "beforeHooks": [],
      "afterHooks": [],
      "tests": [
        {
          "title": "An uncaught error was detected outside of a test",
          "fullTitle": "An uncaught error was detected outside of a test",
          "timedOut": null,
          "duration": 367,
          "state": "failed",
          "speed": null,
          "pass": false,
          "fail": true,
          "pending": false,
          "context": null,
          "code": "throw err;",
          "err": {
            "message": "TypeError: The following error originated from your test code, not from Cypress.\n\n  > Joi.string(...).itens is not a function\n\nWhen Cypress detects uncaught errors originating from your test code it will automatically fail the current test.\n\nCypress could not associate this error to any specific test.\n\nWe dynamically generated a new test to display this failure.",
            "estack": "TypeError: The following error originated from your test code, not from Cypress.\n\n  > Joi.string(...).itens is not a function\n\nWhen Cypress detects uncaught errors originating from your test code it will automatically fail the current test.\n\nCypress could not associate this error to any specific test.\n\nWe dynamically generated a new test to display this failure.\n    at ./cypress/contracts/customers.contract.js (webpack:///./cypress/contracts/customers.contract.js:4:26)\n    at __webpack_require__ (webpack:///webpack/bootstrap:19:0)\n    at ./cypress/e2e/1-getting-started/customers.cy.js (webpack:///./cypress/e2e/1-getting-started/customers.cy.js:3:0)\n    at __webpack_require__ (webpack:///webpack/bootstrap:19:0)\n    at 0 (http://localhost:3000/__cypress/tests?p=cypress\\e2e\\1-getting-started\\customers.cy.js:109321:18)\n    at __webpack_require__ (webpack:///webpack/bootstrap:19:0)\n    at eval (webpack:///webpack/bootstrap:83:0)\n    at eval (http://localhost:3000/__cypress/tests?p=cypress\\e2e\\1-getting-started\\customers.cy.js:87:10)\n    at eval (<anonymous>)",
            "diff": null
          },
          "uuid": "f0edb81a-3518-4dcd-ba52-cebeb3a6d94f",
          "parentUUID": "cd026f78-3b77-451b-9017-d71633c929ca",
          "isHook": false,
          "skipped": false
        }
      ],
      "suites": [],
      "passes": [],
      "failures": [
        "f0edb81a-3518-4dcd-ba52-cebeb3a6d94f"
      ],
      "pending": [],
      "skipped": [],
      "duration": 367,
      "root": true,
      "rootEmpty": false,
      "_timeout": 2000
    }
  ],
  "meta": {
    "mocha": {
      "version": "7.0.1"
    },
    "mochawesome": {
      "options": {
        "quiet": false,
        "reportFilename": "mochawesome",
        "saveHtml": false,
        "saveJson": true,
        "consoleReporter": "spec",
        "useInlineDiffs": false,
        "code": true
      },
      "version": "7.1.3"
    },
    "marge": {
      "options": {
        "reportDir": "mochawesome-report",
        "overwrite": false,
        "html": false,
        "json": true
      },
      "version": "6.2.0"
    }
  }
}